Test run id: txyb7_azk5jqtpnqzmxm6qezg5mgbxke89q_hwfp
Phase started: unnamed (index: 0, duration: 60s) 14:50:30(-0400)

--------------------------------------
Metrics for period to: 14:50:40(-0400) (width: 8.414s)
--------------------------------------

errors.ECONNREFUSED: ........................................................... 89
http.request_rate: ............................................................. 10/sec
http.requests: ................................................................. 89
vusers.created: ................................................................ 89
vusers.created_by_name.0: ...................................................... 89
vusers.failed: ................................................................. 89


--------------------------------------
Metrics for period to: 14:50:50(-0400) (width: 9.903s)
--------------------------------------

errors.ECONNREFUSED: ........................................................... 101
http.request_rate: ............................................................. 10/sec
http.requests: ................................................................. 101
vusers.created: ................................................................ 101
vusers.created_by_name.0: ...................................................... 101
vusers.failed: ................................................................. 101


--------------------------------------
Metrics for period to: 14:51:00(-0400) (width: 9.522s)
--------------------------------------

errors.ECONNREFUSED: ........................................................... 116
http.request_rate: ............................................................. 10/sec
http.requests: ................................................................. 116
vusers.created: ................................................................ 116
vusers.created_by_name.0: ...................................................... 116
vusers.failed: ................................................................. 116


--------------------------------------
Metrics for period to: 14:51:10(-0400) (width: 9.951s)
--------------------------------------

errors.ECONNREFUSED: ........................................................... 100
http.request_rate: ............................................................. 10/sec
http.requests: ................................................................. 100
vusers.created: ................................................................ 100
vusers.created_by_name.0: ...................................................... 100
vusers.failed: ................................................................. 100


--------------------------------------
Metrics for period to: 14:51:20(-0400) (width: 9.953s)
--------------------------------------

errors.ECONNREFUSED: ........................................................... 100
http.request_rate: ............................................................. 10/sec
http.requests: ................................................................. 100
vusers.created: ................................................................ 100
vusers.created_by_name.0: ...................................................... 100
vusers.failed: ................................................................. 100


Phase completed: unnamed (index: 0, duration: 60s) 14:51:27(-0400)

--------------------------------------
Metrics for period to: 14:51:30(-0400) (width: 7.497s)
--------------------------------------

errors.ECONNREFUSED: ........................................................... 94
http.request_rate: ............................................................. 10/sec
http.requests: ................................................................. 94
vusers.created: ................................................................ 94
vusers.created_by_name.0: ...................................................... 94
vusers.failed: ................................................................. 94


All VUs finished. Total time: 57 seconds

--------------------------------
Summary report @ 14:51:28(-0400)
--------------------------------

errors.ECONNREFUSED: ........................................................... 600
http.request_rate: ............................................................. 10/sec
http.requests: ................................................................. 600
vusers.created: ................................................................ 600
vusers.created_by_name.0: ...................................................... 600
vusers.failed: ................................................................. 600
